<?xml version="1.0" encoding="UTF-8"?>
<!-- Generated by org.testng.reporters.JUnitXMLReporter -->
<testsuite hostname="DESKTOP-PU16VBP" ignored="0" tests="5" failures="0" timestamp="2021-01-18T17:13:22 CST" time="41.765" errors="0">
  <testcase name="test1_getAll_Info" time="2.148" classname="Country_RestAssured"/>
  <testcase name="test2_AddCountryCode_ToGetCapital" time="10.523" classname="Country_RestAssured"/>
  <testcase name="test3_AddCountryName_TogetCapital" time="28.28" classname="Country_RestAssured"/>
  <testcase name="test4_Invalid_HTTPMethod" time="0.206" classname="Country_RestAssured"/>
  <testcase name="test5_Invalid_URL" time="0.207" classname="Country_RestAssured"/>
</testsuite>
