<?xml version="1.0" encoding="UTF-8"?>
<testng-results skipped="0" failed="0" ignored="0" total="1" passed="1">
  <reporter-output>
  </reporter-output>
  <suite name="Default suite" duration-ms="2641" started-at="2021-01-17T22:24:02 CST" finished-at="2021-01-17T22:24:05 CST">
    <groups>
    </groups>
    <test name="Default test" duration-ms="2641" started-at="2021-01-17T22:24:02 CST" finished-at="2021-01-17T22:24:05 CST">
      <class name="Country_RestAssured">
        <test-method status="PASS" signature="setup()[pri:0, instance:Country_RestAssured@7f13d6e]" name="setup" is-config="true" duration-ms="111" started-at="2021-01-17T22:24:02 CST" finished-at="2021-01-17T22:24:02 CST">
          <reporter-output>
          </reporter-output>
        </test-method> <!-- setup -->
        <test-method status="PASS" signature="test1_getAll_Info()[pri:1, instance:Country_RestAssured@7f13d6e]" name="test1_getAll_Info" duration-ms="2204" started-at="2021-01-17T22:24:02 CST" finished-at="2021-01-17T22:24:05 CST">
          <reporter-output>
          </reporter-output>
        </test-method> <!-- test1_getAll_Info -->
        <test-method status="PASS" signature="TearDown()[pri:0, instance:Country_RestAssured@7f13d6e]" name="TearDown" is-config="true" duration-ms="287" started-at="2021-01-17T22:24:05 CST" finished-at="2021-01-17T22:24:05 CST">
          <reporter-output>
          </reporter-output>
        </test-method> <!-- TearDown -->
      </class> <!-- Country_RestAssured -->
    </test> <!-- Default test -->
  </suite> <!-- Default suite -->
</testng-results>
